<?xml version="1.0" encoding="UTF-8"?>
<testsuite xmlns:xsi="http://www.w3.org/2001/XMLSchema-instance" xsi:noNamespaceSchemaLocation="https://maven.apache.org/surefire/maven-failsafe-plugin/xsd/failsafe-test-report.xsd" version="3.0.2" name="com.xrayclient.integration.XrayViolationsIntegrationTest" time="12.874" tests="2" errors="0" skipped="0" failures="0">
  <properties>
[...]
</properties>
  <testcase name="violations_returnsAtLeastOneCriticalOrHighViolation" classname="com.xrayclient.integration.XrayViolationsIntegrationTest" time="0.348">
    <system-out><![CDATA[[E2E] Downloaded log4j-core-2.14.1.jar (1745700 bytes)
[E2E] Uploaded log4j-core-2.14.1.jar to xray-e2e-repo
[E2E] Triggered explicit Xray scan
[E2E] Waiting for Xray to scan and detect violations...
[E2E] Violations detected after ~5s
]]></system-out>
    <system-err><![CDATA[POST /xray/api/v1/scanArtifact -> 400: {"error":"Component ID is empty"}
]]></system-err>
  </testcase>
  <testcase name="violations_fetchAll_autopaginates" classname="com.xrayclient.integration.XrayViolationsIntegrationTest" time="0.259"/>
</testsuite>